[INFO] main:: Run started at 2019-06-16 16:59:38.512893
[INFO] SendGenerateRequests:: Sending generation request  [{"Task": "GenerateStageStructures", "Template": "LegacyOnDiskTemplate", "Output": "LegacyDDL243.sql", "Version": -1, "Environment": "YRC-M204", "Exclude": ["PAS", "PASH"], "All": "True", "Options": ["xP"], "Test": "6/16-1"}, {"Task": "GenerateStageStructures", "Template": "CLRFunctionDefinitionTemplate", "Output": "LegacyFunctions243.sql", "Version": -1, "Environment": "YRC-M204", "Exclude": ["PAS", "PASH"], "All": "True", "Options": [], "Test": "6/16-1"}]
[INFO] SendGenerateRequests:: Request queued
[INFO] main:: Run completed at 2019-06-16 16:59:39.121059
[INFO] main:: Run started at 2019-06-17 13:01:59.808023
[INFO] SendGenerateRequests:: Sending generation request  [{"Task": "GenerateShredders", "Template": "XMLShredderTemplate", "Container": "dvcodegencontainer", "FilePath": "assets/output/shredders/", "FilePrefix": "", "Version": -1, "Environment": "YRC-M204", "Exclude": ["PAS", "PASH"], "All": "True", "Options": [], "Test": "5/2-2"}, {"Task": "GenerateShredders", "Template": "MFDXMLShredderTemplate", "Container": "dvcodegencontainer", "FilePath": "assets/output/mfdshredders/", "FilePrefix": "MFD", "Version": -1, "Environment": "YRC-M204", "Exclude": ["PAS", "PASH"], "All": "True", "Options": [], "Test": "5/2-2"}]
[INFO] SendGenerateRequests:: Request queued
[INFO] main:: Run completed at 2019-06-17 13:02:13.261611
[INFO] main:: Run started at 2019-06-17 13:12:54.201959
[INFO] SendGenerateRequests:: Sending generation request  [{"Task": "GenerateShredders", "Template": "MFDXMLShredderTemplate", "Container": "dvcodegencontainer", "FilePath": "assets/output/mfdshredders/", "FilePrefix": "MFD", "Version": -1, "Environment": "YRC-M204", "Exclude": [], "All": "True", "Options": [], "Test": "5/2-2"}]
[INFO] SendGenerateRequests:: Request queued
[INFO] main:: Run completed at 2019-06-17 13:13:05.779515
[INFO] main:: Run started at 2019-06-19 14:24:07.254909
[INFO] SendGenerateRequests:: Sending generation request  [{"Task": "GenerateDDLBySource", "Template": "MFD_FileLevelView", "Output": "MFD_FileLevelView243.sql", "Version": -1, "Environment": "YRC-M204", "Exclude": [], "All": "True", "Options": [], "Test": "6/19-1"}, {"Task": "GenerateDDLBySource", "Template": "CLRFunctionDefinitionTemplate", "Output": "MFD_SP_2_FileRecTypeRecords243.sql", "Version": -1, "Environment": "YRC-M204", "Exclude": [], "All": "True", "Options": [], "Test": "6/19-1"}]
[INFO] SendGenerateRequests:: Request queued
[INFO] main:: Run completed at 2019-06-19 14:24:19.214068
[INFO] main:: Run started at 2019-06-19 14:31:50.814482
[INFO] SendGenerateRequests:: Sending generation request  [{"Task": "GenerateDDLBySource", "Template": "MFD_FileLevelView", "Output": "MFD_FileLevelView243.sql", "Version": -1, "Environment": "YRC-M204", "Exclude": [], "All": "True", "Options": [], "Test": "6/19-1"}, {"Task": "GenerateDDLBySource", "Template": "MFD_SP_2_FileRecTypeRecords", "Output": "MFD_SP_2_FileRecTypeRecords243.sql", "Version": -1, "Environment": "YRC-M204", "Exclude": [], "All": "True", "Options": [], "Test": "6/19-1"}]
[INFO] SendGenerateRequests:: Request queued
[INFO] main:: Run completed at 2019-06-19 14:31:52.110989
[INFO] main:: Run started at 2019-06-21 13:53:51.164726
[INFO] main:: Run started at 2019-06-21 13:54:17.111603
[INFO] SendGenerateRequests:: Sending generation request  [{"Task": "GenerateDWObjects", "Template": "MFDTables", "Output": "MFDTables243.sql", "Version": -1, "Environment": "YRC-M204", "Exclude": [], "All": "True", "Options": [], "Test": "6/21-1"}, {"Task": "GenerateDWObjects", "Template": "MFDTableViews", "Output": "MFDTableViews243.sql", "Version": -1, "Environment": "YRC-M204", "Exclude": [], "All": "True", "Options": [], "Test": "6/21-1"}, {"Task": "GenerateDWObjects", "Template": "MFD_SP_3_ProcessMessageTypeTemplate", "Output": "MFD_SP_3_ProcessMessageType243.sql", "Version": -1, "Environment": "YRC-M204", "Exclude": [], "All": "True", "Options": [], "Test": "6/21-1"}]
[INFO] SendGenerateRequests:: Request queued
[INFO] main:: Run completed at 2019-06-21 13:54:18.735671
[INFO] main:: Run started at 2019-06-21 14:15:14.512062
[INFO] SendGenerateRequests:: Sending generation request  [{"Task": "GenerateDWObjects", "Template": "MFDTables", "Output": "MFDTables243.sql", "Version": -1, "Environment": "YRC-M204", "Exclude": [], "All": "True", "Options": [], "Test": "6/21-1"}, {"Task": "GenerateDWObjects", "Template": "MFDTableViews", "Output": "MFDTableViews243.sql", "Version": -1, "Environment": "YRC-M204", "Exclude": [], "All": "True", "Options": [], "Test": "6/21-1"}, {"Task": "GenerateDWObjects", "Template": "MFD_SP_3_ProcessMessageTypeTemplate", "Output": "MFD_SP_3_ProcessMessageType243.sql", "Version": -1, "Environment": "YRC-M204", "Exclude": [], "All": "True", "Options": [], "Test": "6/21-1"}]
[INFO] SendGenerateRequests:: Request queued
[INFO] main:: Run completed at 2019-06-21 14:15:26.909103
[INFO] main:: Run started at 2019-06-21 14:24:22.882853
[INFO] SendGenerateRequests:: Sending generation request  [{"Task": "GenerateDWObjects", "Template": "MFDTables", "Output": "MFDTables243.sql", "Version": -1, "Environment": "YRC-M204", "Exclude": [], "All": "True", "Options": [], "Test": "6/21-1"}, {"Task": "GenerateDWObjects", "Template": "MFDTableViews", "Output": "MFDTableViews243.sql", "Version": -1, "Environment": "YRC-M204", "Exclude": [], "All": "True", "Options": [], "Test": "6/21-1"}, {"Task": "GenerateDWObjects", "Template": "MFD_SP_3_ProcessMessageTypeTemplate", "Output": "MFD_SP_3_ProcessMessageType243.sql", "Version": -1, "Environment": "YRC-M204", "Exclude": [], "All": "True", "Options": [], "Test": "6/21-1"}]
[INFO] SendGenerateRequests:: Request queued
[INFO] main:: Run completed at 2019-06-21 14:24:34.968438
[INFO] main:: Run started at 2019-06-21 17:53:29.995010
[INFO] SendGenerateRequests:: Sending generation request  [{"Task": "GenerateDWObjects", "Template": "MFDTables", "Output": "MFDTables243.sql", "Version": -1, "Environment": "YRC-M204", "Exclude": [], "All": "True", "Options": [], "Test": "6/21-1"}, {"Task": "GenerateDWObjects", "Template": "MFDTableViews", "Output": "MFDTableViews243.sql", "Version": -1, "Environment": "YRC-M204", "Exclude": [], "All": "True", "Options": [], "Test": "6/21-1"}, {"Task": "GenerateDWObjects", "Template": "MFD_SP_3_ProcessMessageTypeTemplate", "Output": "MFD_SP_3_ProcessMessageType243.sql", "Version": -1, "Environment": "YRC-M204", "Exclude": [], "All": "True", "Options": [], "Test": "6/21-1"}]
[INFO] SendGenerateRequests:: Request queued
[INFO] main:: Run completed at 2019-06-21 17:53:42.223896
[INFO] main:: Run started at 2019-07-17 00:47:29.536592
[INFO] SendGenerateRequests:: Sending generation request  [{"Task": "GenerateStageStructures", "Template": "LegacyOnDiskTemplate", "Output": "LegacyTables244.sql", "Version": -1, "Environment": "YRC-M204", "Folder": "stage", "Exclude": ["PAS", "PASH"], "All": "True", "Options": ["xP"], "Generate": "7/16-1"}, {"Task": "GenerateStageStructures", "Template": "GenerateProcessMessageSPTemplate", "Output": "LegacyProcessMessage244.sql", "Version": -1, "Environment": "YRC-M204", "Folder": "stage", "Exclude": ["PAS", "PASH"], "All": "True", "Options": ["xP"], "Generate": "7/16-1"}, {"Task": "GenerateStageStructures", "Template": "CLRFunctionDefinitionTemplate", "Output": "LegacyFunctions244.sql", "Folder": "stage", "Version": -1, "Environment": "YRC-M204", "Exclude": ["PAS", "PASH"], "All": "True", "Options": [], "Generate": "7/16-1"}, {"Task": "GenerateShredders", "Template": "XMLShredderTemplate", "Container": "dvcodegencontainer", "FilePath": "assets/output/shredders/", "FilePrefix": "", "Version": -1, "Environment": "YRC-M204", "Exclude": [], "All": "True", "Options": [], "Generate": "5/2-2"}, {"Task": "GenerateJavaFiles", "Template": "JavaFileBaseClassTemplate", "Container": "dvcodegencontainer", "FilePath": "assets/output/java/", "Version": -1, "Environment": "YRC-M204", "Exclude": [], "All": "True", "Options": [], "Generate": "7/16-1"}, {"Task": "GenerateJavaFileDetails", "Template": "FileClassDetailsTemplate", "Output": "FileClassDetails.java", "Version": -1, "Environment": "YRC-M204", "Exclude": [], "All": "True", "Options": [], "Generate": "7/16-1"}]
[INFO] SendGenerateRequests:: Request queued
[INFO] main:: Run completed at 2019-07-17 00:47:41.561160
[INFO] main:: Run started at 2019-07-29 17:23:08.761693
[INFO] SendGenerateRequests:: Sending generation request  [{"Task": "GenerateJavaFiles", "Template": "JavaFileBaseClassTemplate", "Container": "dvcodegencontainer", "FilePath": "assets/output/java/", "Version": -1, "Environment": "YRC-M204", "Exclude": [], "All": "True", "Options": [], "Test": "5/18-1"}, {"Task": "GenerateJavaFileDetails", "Template": "FileClassDetailsTemplate", "Output": "FileClassDetails.java", "Version": -1, "Environment": "YRC-M204", "Exclude": [], "All": "True", "Options": [], "Test": "5/18-1"}]
[INFO] SendGenerateRequests:: Request queued
[INFO] main:: Run completed at 2019-07-29 17:23:21.907165
[INFO] main:: Run started at 2019-07-29 17:31:56.353770
[INFO] SendGenerateRequests:: Sending generation request  [{"Task": "GenerateJavaFiles", "Template": "JavaFileBaseClassTemplate", "Container": "dvcodegencontainer", "FilePath": "assets/output/java/", "Version": -1, "Environment": "YRC-M204", "Exclude": [], "All": "True", "Options": [], "Test": "5/18-1"}, {"Task": "GenerateJavaFileDetails", "Template": "FileClassDetailsTemplate", "Output": "FileClassDetails.java", "Version": -1, "Environment": "YRC-M204", "Exclude": [], "All": "True", "Options": [], "Test": "5/18-1"}]
[INFO] SendGenerateRequests:: Request queued
[INFO] main:: Run completed at 2019-07-29 17:31:58.268833
[INFO] main:: Run started at 2019-07-29 17:39:09.105724
[INFO] SendGenerateRequests:: Sending generation request  [{"Task": "GenerateJavaFiles", "Template": "JavaFileBaseClassTemplate", "Container": "dvcodegencontainer", "FilePath": "assets/output/java/", "Version": -1, "Environment": "YRC-M204", "Exclude": [], "All": "True", "Options": [], "Test": "5/18-1"}, {"Task": "GenerateJavaFileDetails", "Template": "FileClassDetailsTemplate", "Output": "FileClassDetails.java", "Version": -1, "Environment": "YRC-M204", "Exclude": [], "All": "True", "Options": [], "Test": "5/18-1"}]
[INFO] SendGenerateRequests:: Request queued
[INFO] main:: Run completed at 2019-07-29 17:39:09.767184
[INFO] main:: Run started at 2019-07-29 17:42:02.268868
[INFO] SendGenerateRequests:: Sending generation request  [{"Task": "GenerateJavaFiles", "Template": "JavaFileBaseClassTemplate", "Container": "dvcodegencontainer", "FilePath": "assets/output/java/", "Version": -1, "Environment": "YRC-M204", "Exclude": [], "All": "True", "Options": [], "Test": "5/18-1"}, {"Task": "GenerateJavaFileDetails", "Template": "FileClassDetailsTemplate", "Output": "FileClassDetails.java", "Version": -1, "Environment": "YRC-M204", "Exclude": [], "All": "True", "Options": [], "Test": "5/18-1"}]
[INFO] SendGenerateRequests:: Request queued
[INFO] main:: Run completed at 2019-07-29 17:42:16.748446
[INFO] main:: Run started at 2019-07-29 17:46:55.897230
[INFO] SendGenerateRequests:: Sending generation request  [{"Task": "GenerateJavaFiles", "Template": "JavaFileBaseClassTemplate", "Container": "dvcodegencontainer", "FilePath": "assets/output/java/", "Version": -1, "Environment": "YRC-M204", "Exclude": [], "All": "True", "Options": [], "Test": "5/18-1"}, {"Task": "GenerateJavaFileDetails", "Template": "FileClassDetailsTemplate", "Output": "FileClassDetails.java", "Version": -1, "Environment": "YRC-M204", "Exclude": [], "All": "True", "Options": [], "Test": "5/18-1"}]
[INFO] SendGenerateRequests:: Request queued
[INFO] main:: Run completed at 2019-07-29 17:46:57.193411
[INFO] main:: Run started at 2019-07-29 17:51:58.369043
[INFO] SendGenerateRequests:: Sending generation request  [{"Task": "GenerateJavaFiles", "Template": "JavaFileBaseClassTemplate", "Container": "dvcodegencontainer", "FilePath": "assets/output/java/", "Version": -1, "Environment": "YRC-M204", "Exclude": [], "All": "True", "Options": [], "Test": "5/18-1"}, {"Task": "GenerateJavaFileDetails", "Template": "FileClassDetailsTemplate", "Output": "FileClassDetails.java", "Version": -1, "Environment": "YRC-M204", "Exclude": [], "All": "True", "Options": [], "Test": "5/18-1"}]
[INFO] SendGenerateRequests:: Request queued
[INFO] main:: Run completed at 2019-07-29 17:52:00.388289
[INFO] main:: Run started at 2019-07-29 17:59:52.466884
[INFO] SendGenerateRequests:: Sending generation request  [{"Task": "GenerateJavaFiles", "Template": "JavaFileBaseClassTemplate", "Container": "dvcodegencontainer", "FilePath": "assets/output/java/", "Version": -1, "Environment": "YRC-M204", "Exclude": [], "All": "True", "Options": [], "Test": "5/18-1"}, {"Task": "GenerateJavaFileDetails", "Template": "FileClassDetailsTemplate", "Output": "FileClassDetails.java", "Version": -1, "Environment": "YRC-M204", "Exclude": [], "All": "True", "Options": [], "Test": "5/18-1"}]
[INFO] SendGenerateRequests:: Request queued
[INFO] main:: Run completed at 2019-07-29 17:59:53.495489
[INFO] main:: Run started at 2019-07-29 18:06:27.617126
[INFO] SendGenerateRequests:: Sending generation request  [{"Task": "GenerateJavaFiles", "Template": "JavaFileBaseClassTemplate", "Container": "dvcodegencontainer", "FilePath": "assets/output/java/", "Version": -1, "Environment": "YRC-M204", "Exclude": [], "All": "True", "Options": [], "Test": "5/18-1"}, {"Task": "GenerateJavaFileDetails", "Template": "FileClassDetailsTemplate", "Output": "FileClassDetails.java", "Version": -1, "Environment": "YRC-M204", "Exclude": [], "All": "True", "Options": [], "Test": "5/18-1"}]
[INFO] SendGenerateRequests:: Request queued
[INFO] main:: Run completed at 2019-07-29 18:06:28.740760
[INFO] main:: Run started at 2019-07-29 18:09:17.848539
[INFO] SendGenerateRequests:: Sending generation request  [{"Task": "GenerateJavaFiles", "Template": "JavaFileBaseClassTemplate", "Container": "dvcodegencontainer", "FilePath": "assets/output/java/", "Version": -1, "Environment": "YRC-M204", "Exclude": [], "All": "True", "Options": [], "Test": "5/18-1"}, {"Task": "GenerateJavaFileDetails", "Template": "FileClassDetailsTemplate", "Output": "FileClassDetails.java", "Version": -1, "Environment": "YRC-M204", "Exclude": [], "All": "True", "Options": [], "Test": "5/18-1"}]
[INFO] SendGenerateRequests:: Request queued
[INFO] main:: Run completed at 2019-07-29 18:09:19.128920
[INFO] main:: Run started at 2019-07-29 18:13:45.969295
[INFO] SendGenerateRequests:: Sending generation request  [{"Task": "GenerateJavaFiles", "Template": "JavaFileBaseClassTemplate", "Container": "dvcodegencontainer", "FilePath": "assets/output/java/", "Version": -1, "Environment": "YRC-M204", "Exclude": [], "All": "True", "Options": [], "Test": "5/18-1"}, {"Task": "GenerateJavaFileDetails", "Template": "FileClassDetailsTemplate", "Output": "FileClassDetails.java", "Version": -1, "Environment": "YRC-M204", "Exclude": [], "All": "True", "Options": [], "Test": "5/18-1"}]
[INFO] SendGenerateRequests:: Request queued
[INFO] main:: Run completed at 2019-07-29 18:13:47.181982
[INFO] main:: Run started at 2019-07-29 18:18:45.549823
[INFO] SendGenerateRequests:: Sending generation request  [{"Task": "GenerateJavaFiles", "Template": "JavaFileBaseClassTemplate", "Container": "dvcodegencontainer", "FilePath": "assets/output/java/", "Version": -1, "Environment": "YRC-M204", "Exclude": [], "All": "True", "Options": [], "Test": "5/18-1"}, {"Task": "GenerateJavaFileDetails", "Template": "FileClassDetailsTemplate", "Output": "FileClassDetails.java", "Version": -1, "Environment": "YRC-M204", "Exclude": [], "All": "True", "Options": [], "Test": "5/18-1"}]
[INFO] SendGenerateRequests:: Request queued
[INFO] main:: Run completed at 2019-07-29 18:18:46.753002
[INFO] main:: Run started at 2019-07-29 18:24:10.523556
[INFO] SendGenerateRequests:: Sending generation request  [{"Task": "GenerateJavaFiles", "Template": "JavaFileBaseClassTemplate", "Container": "dvcodegencontainer", "FilePath": "assets/output/java/", "Version": -1, "Environment": "YRC-M204", "Exclude": [], "All": "True", "Options": [], "Test": "5/18-1"}, {"Task": "GenerateJavaFileDetails", "Template": "FileClassDetailsTemplate", "Output": "FileClassDetails.java", "Version": -1, "Environment": "YRC-M204", "Exclude": [], "All": "True", "Options": [], "Test": "5/18-1"}]
[INFO] SendGenerateRequests:: Request queued
[INFO] main:: Run completed at 2019-07-29 18:24:11.647092
[INFO] main:: Run started at 2019-07-29 18:30:58.524144
[INFO] SendGenerateRequests:: Sending generation request  [{"Task": "GenerateJavaFiles", "Template": "JavaFileBaseClassTemplate", "Container": "dvcodegencontainer", "FilePath": "assets/output/java/", "Version": -1, "Environment": "YRC-M204", "Exclude": [], "All": "True", "Options": [], "Test": "5/18-1"}, {"Task": "GenerateJavaFileDetails", "Template": "FileClassDetailsTemplate", "Output": "FileClassDetails.java", "Version": -1, "Environment": "YRC-M204", "Exclude": [], "All": "True", "Options": [], "Test": "5/18-1"}]
[INFO] SendGenerateRequests:: Request queued
[INFO] main:: Run completed at 2019-07-29 18:30:59.800604
[INFO] main:: Run started at 2019-07-29 18:35:09.728699
[INFO] SendGenerateRequests:: Sending generation request  [{"Task": "GenerateJavaFiles", "Template": "JavaFileBaseClassTemplate", "Container": "dvcodegencontainer", "FilePath": "assets/output/java/", "Version": -1, "Environment": "YRC-M204", "Exclude": [], "All": "True", "Options": [], "Test": "5/18-1"}, {"Task": "GenerateJavaFileDetails", "Template": "FileClassDetailsTemplate", "Output": "FileClassDetails.java", "Version": -1, "Environment": "YRC-M204", "Exclude": [], "All": "True", "Options": [], "Test": "5/18-1"}]
[INFO] SendGenerateRequests:: Request queued
[INFO] main:: Run completed at 2019-07-29 18:35:22.991311
[INFO] main:: Run started at 2019-07-29 23:06:16.532169
[INFO] SendGenerateRequests:: Sending generation request  [{"Task": "GenerateStageStructures", "Template": "LegacyOnDiskTemplate", "Output": "LegacyDDL243.sql", "Version": -1, "Environment": "YRC-M204", "Exclude": ["PAS", "PASH"], "All": "True", "Options": ["xP"], "Test": "6/16-1"}, {"Task": "GenerateDDLBySource", "Template": "InsertProcedureConfigurationValues", "Output": "InsertProcedureConfigurationValues244.sql", "Version": -1, "Environment": "YRC-M204", "Folder": "dw", "Exclude": [], "All": "True", "Options": [], "Test": "7/15-1"}, {"Task": "GenerateDWObjects", "Template": "MFD_SP_3_ProcessMessageTypeTemplate", "Output": "MFD_SP_3_ProcessMessageType243.sql", "Version": -1, "Environment": "YRC-M204", "Exclude": [], "All": "True", "Options": []}]
[INFO] SendGenerateRequests:: Request queued
[INFO] main:: Run completed at 2019-07-29 23:06:31.704034
[INFO] main:: Run started at 2019-07-29 23:12:55.435298
[INFO] SendGenerateRequests:: Sending generation request  [{"Task": "GenerateStageStructures", "Template": "LegacyOnDiskTemplate", "Output": "LegacyDDL244.sql", "Version": -1, "Environment": "YRC-M204", "Folder": "stage", "Exclude": ["PAS", "PASH"], "All": "True", "Options": ["xP"], "Test": "6/16-1"}, {"Task": "GenerateDDLBySource", "Template": "InsertProcedureConfigurationValues", "Output": "InsertProcedureConfigurationValues244.sql", "Version": -1, "Environment": "YRC-M204", "Folder": "dw", "Exclude": [], "All": "True", "Options": [], "Test": "7/15-1"}, {"Task": "GenerateDWObjects", "Template": "MFD_SP_3_ProcessMessageTypeTemplate", "Output": "MFD_SP_3_ProcessMessageType244.sql", "Version": -1, "Environment": "YRC-M204", "Folder": "dw", "Exclude": [], "All": "True", "Options": []}]
[INFO] SendGenerateRequests:: Request queued
[INFO] main:: Run completed at 2019-07-29 23:12:56.043274
[INFO] main:: Run started at 2019-07-29 23:17:18.185775
[INFO] SendGenerateRequests:: Sending generation request  [{"Task": "GenerateShredders", "Template": "MFDXMLShredderTemplate", "Container": "dvcodegencontainer", "FilePath": "assets/output/mfdshredders/", "FilePrefix": "MFD", "Version": -1, "Environment": "YRC-M204", "Exclude": [], "All": "True", "Options": [], "Test": "5/2-2"}]
[INFO] SendGenerateRequests:: Request queued
[INFO] main:: Run completed at 2019-07-29 23:17:19.424739
[INFO] main:: Run started at 2019-07-29 23:19:42.401333
[INFO] SendGenerateRequests:: Sending generation request  [{"Task": "GenerateFastUnloadFiles", "Template": "FullFunload", "Container": "dvcodegencontainer", "FilePath": "assets/output/funloadfiles/", "Version": 243, "Environment": "YRC-M204", "Exclude": ["PAS", "PASH"], "All": "True", "Interval": 5, "Options": [], "Test": "6/24-41"}]
[INFO] SendGenerateRequests:: Request queued
[INFO] main:: Run completed at 2019-07-29 23:19:42.970300
[INFO] main:: Run started at 2019-07-29 23:21:47.307492
[INFO] SendGenerateRequests:: Sending generation request  [{"Task": "GenerateJavaFiles", "Template": "JavaFileBaseClassTemplate", "Container": "dvcodegencontainer", "FilePath": "assets/output/java/", "Version": -1, "Environment": "YRC-M204", "Exclude": [], "All": "True", "Options": [], "Test": "5/18-1"}, {"Task": "GenerateJavaFileDetails", "Template": "FileClassDetailsTemplate", "Output": "FileClassDetails.java", "Version": -1, "Environment": "YRC-M204", "Exclude": [], "All": "True", "Options": [], "Test": "5/18-1"}]
[INFO] SendGenerateRequests:: Request queued
[INFO] main:: Run completed at 2019-07-29 23:21:48.009470
[INFO] main:: Run started at 2019-08-08 22:35:53.262397
[INFO] SendGenerateRequests:: Sending generation request  [{"Task": "GenerateStageStructures", "Template": "LegacyOnDiskTemplate", "Output": "LegacyDDL245.sql", "Version": -1, "Environment": "YRC-M204", "Folder": "stage", "Exclude": ["PAS", "PASH"], "All": "True", "Options": ["xP"], "Test": "6/16-1"}, {"Task": "GenerateJavaFiles", "Template": "JavaFileBaseClassTemplate", "Container": "dvcodegencontainer", "FilePath": "assets/output/java/", "Version": -1, "Environment": "YRC-M204", "Exclude": [], "All": "True", "Options": [], "Test": "5/18-1"}, {"Task": "GenerateDWObjects", "Template": "MFD_SP_3_ProcessMessageTypeTemplate", "Output": "MFD_SP_3_ProcessMessageType.sql", "Version": -1, "Environment": "YRC-M204", "Folder": "dw", "Exclude": [], "All": "True", "Options": []}]
[INFO] SendGenerateRequests:: Request queued
[INFO] main:: Run completed at 2019-08-08 22:36:06.400617
[INFO] main:: Run started at 2019-08-09 21:57:42.514291
[INFO] SendGenerateRequests:: Sending generation request  [{"Task": "GenerateStageStructures", "Template": "LegacyOnDiskTemplate", "Output": "LegacyDDL245.sql", "Version": -1, "Environment": "YRC-M204", "Folder": "stage", "Exclude": ["PAS", "PASH"], "All": "True", "Options": ["xP"], "Test": "6/16-1"}, {"Task": "GenerateJavaFiles", "Template": "JavaFileBaseClassTemplate", "Container": "dvcodegencontainer", "FilePath": "assets/output/java/", "Version": -1, "Environment": "YRC-M204", "Exclude": [], "All": "True", "Options": [], "Test": "5/18-1"}, {"Task": "GenerateDWObjects", "Template": "MFD_SP_3_ProcessMessageTypeTemplate", "Output": "MFD_SP_3_ProcessMessageType.sql", "Version": -1, "Environment": "YRC-M204", "Folder": "dw", "Exclude": [], "All": "True", "Options": []}]
[INFO] SendGenerateRequests:: Request queued
[INFO] main:: Run completed at 2019-08-09 21:57:59.236174
[INFO] main:: Run started at 2019-08-10 08:06:47.145006
[INFO] SendGenerateRequests:: Sending generation request  [{"Task": "GenerateStageStructures", "Template": "LegacyOnDiskTemplate", "Output": "LegacyDDL245.sql", "Version": -1, "Environment": "YRC-M204", "Folder": "stage", "Exclude": ["PAS", "PASH"], "All": "True", "Options": ["xP"], "Test": "6/16-1"}, {"Task": "GenerateJavaFiles", "Template": "JavaFileBaseClassTemplate", "Container": "dvcodegencontainer", "FilePath": "assets/output/java/", "Version": -1, "Environment": "YRC-M204", "Exclude": [], "All": "True", "Options": [], "Test": "5/18-1"}, {"Task": "GenerateDWObjects", "Template": "MFD_SP_3_ProcessMessageTypeTemplate", "Output": "MFD_SP_3_ProcessMessageType.sql", "Version": -1, "Environment": "YRC-M204", "Folder": "dw", "Exclude": [], "All": "True", "Options": []}]
[INFO] SendGenerateRequests:: Request queued
[INFO] main:: Run completed at 2019-08-10 08:07:03.464339
[INFO] main:: Run started at 2019-08-10 14:27:23.036527
[INFO] SendGenerateRequests:: Sending generation request  [{"Task": "GenerateStageStructures", "Template": "LegacyOnDiskTemplate", "Output": "LegacyDDL245.sql", "Version": -1, "Environment": "YRC-M204", "Folder": "stage", "Exclude": ["PAS", "PASH"], "All": "True", "Options": ["xP"], "Test": "8/10-1"}, {"Task": "GenerateJavaFiles", "Template": "JavaFileBaseClassTemplate", "Container": "dvcodegencontainer", "FilePath": "assets/output/java/", "Version": -1, "Environment": "YRC-M204", "Exclude": [], "All": "True", "Options": [], "Test": "5/18-1"}, {"Task": "GenerateDWObjects", "Template": "MFD_SP_3_ProcessMessageTypeTemplate", "Output": "MFD_SP_3_ProcessMessageType.sql", "Version": -1, "Environment": "YRC-M204", "Folder": "dw", "Exclude": [], "All": "True", "Options": []}]
[INFO] SendGenerateRequests:: Request queued
[INFO] main:: Run completed at 2019-08-10 14:27:38.659017
[INFO] main:: Run started at 2019-08-10 17:00:05.545822
[INFO] SendGenerateRequests:: Sending generation request  [{"Task": "GenerateStageStructures", "Template": "LegacyOnDiskTemplate", "Output": "LegacyDDL245.sql", "Version": -1, "Environment": "YRC-M204", "Folder": "stage", "Exclude": ["PAS", "PASH"], "All": "True", "Options": ["xP"], "Test": "8/10-1"}, {"Task": "GenerateJavaFiles", "Template": "JavaFileBaseClassTemplate", "Container": "dvcodegencontainer", "FilePath": "assets/output/java/", "Version": -1, "Environment": "YRC-M204", "Exclude": [], "All": "True", "Options": [], "Test": "5/18-1"}, {"Task": "GenerateDWObjects", "Template": "MFD_SP_3_ProcessMessageTypeTemplate", "Output": "MFD_SP_3_ProcessMessageType.sql", "Version": -1, "Environment": "YRC-M204", "Folder": "dw", "Exclude": [], "All": "True", "Options": []}]
[INFO] SendGenerateRequests:: Request queued
[INFO] main:: Run completed at 2019-08-10 17:00:19.870892
[INFO] main:: Run started at 2019-09-22 16:42:52.576424
[INFO] SendGenerateRequests:: Sending generation request  [{"Task": "GenerateJavaFiles", "Template": "JavaFileBaseClassTemplate", "Container": "dvcodegencontainer", "FilePath": "assets/output/java/", "Version": -1, "Environment": "YRC-M204", "Exclude": [], "All": "True", "Options": [], "Test": "5/18-1"}, {"Task": "GenerateJavaFileDetails", "Template": "FileClassDetailsTemplate", "Output": "FileClassDetails.java", "Version": -1, "Environment": "YRC-M204", "Exclude": [], "All": "True", "Options": [], "Test": "5/18-1"}]
[INFO] SendGenerateRequests:: Request queued
[INFO] main:: Run completed at 2019-09-22 16:43:06.884910
[INFO] main:: Run started at 2019-09-22 16:48:31.368189
[INFO] SendGenerateRequests:: Sending generation request  [{"Task": "GenerateJavaFiles", "Template": "JavaFileBaseClassTemplate", "Container": "dvcodegencontainer", "FilePath": "assets/output/java/", "Version": -1, "Environment": "YRC-M204", "Exclude": [], "All": "True", "Options": [], "Test": "5/18-1"}, {"Task": "GenerateJavaFileDetails", "Template": "FileClassDetailsTemplate", "Output": "FileClassDetails.java", "Version": -1, "Environment": "YRC-M204", "Exclude": [], "All": "True", "Options": [], "Test": "5/18-1"}]
[INFO] SendGenerateRequests:: Request queued
[INFO] main:: Run completed at 2019-09-22 16:48:45.105316
[INFO] main:: Run started at 2019-09-22 16:50:56.886913
[INFO] SendGenerateRequests:: Sending generation request  [{"Task": "GenerateJavaFiles", "Template": "JavaFileBaseClassTemplate", "Container": "dvcodegencontainer", "FilePath": "assets/output/java/", "Version": -1, "Environment": "YRC-M204", "Exclude": [], "All": "True", "Options": [], "Test": "5/18-1"}, {"Task": "GenerateJavaFileDetails", "Template": "FileClassDetailsTemplate", "Output": "FileClassDetails.java", "Version": -1, "Environment": "YRC-M204", "Exclude": [], "All": "True", "Options": [], "Test": "5/18-1"}]
[INFO] SendGenerateRequests:: Request queued
[INFO] main:: Run completed at 2019-09-22 16:50:59.244527
[INFO] main:: Run started at 2019-09-22 17:03:19.971988
[INFO] SendGenerateRequests:: Sending generation request  [{"Task": "GenerateJavaFiles", "Template": "JavaFileBaseClassTemplate", "Container": "dvcodegencontainer", "FilePath": "assets/output/java/", "Version": -1, "Environment": "YRC-M204", "Exclude": [], "All": "True", "Options": [], "Test": "5/18-1"}, {"Task": "GenerateJavaFileDetails", "Template": "FileClassDetailsTemplate", "Output": "FileClassDetails.java", "Version": -1, "Environment": "YRC-M204", "Exclude": [], "All": "True", "Options": [], "Test": "5/18-1"}]
[INFO] SendGenerateRequests:: Request queued
[INFO] main:: Run completed at 2019-09-22 17:03:36.874981
[INFO] main:: Run started at 2019-09-22 17:11:32.256396
[INFO] SendGenerateRequests:: Sending generation request  [{"Task": "GenerateJavaFiles", "Template": "JavaFileBaseClassTemplate", "Container": "dvcodegencontainer", "FilePath": "assets/output/java/", "Version": -1, "Environment": "YRC-M204", "Exclude": [], "All": "True", "Options": [], "Test": "5/18-1"}, {"Task": "GenerateJavaFileDetails", "Template": "FileClassDetailsTemplate", "Output": "FileClassDetails.java", "Version": -1, "Environment": "YRC-M204", "Exclude": [], "All": "True", "Options": [], "Test": "5/18-1"}]
[INFO] SendGenerateRequests:: Request queued
[INFO] main:: Run completed at 2019-09-22 17:11:45.748277
[INFO] main:: Run started at 2019-09-22 17:24:09.176752
[INFO] SendGenerateRequests:: Sending generation request  [{"Task": "GenerateJavaFiles", "Template": "JavaFileBaseClassTemplate", "Container": "dvcodegencontainer", "FilePath": "assets/output/java/", "Version": -1, "Environment": "YRC-M204", "Exclude": [], "All": "True", "Options": [], "Test": "5/18-1"}, {"Task": "GenerateJavaFileDetails", "Template": "FileClassDetailsTemplate", "Output": "FileClassDetails.java", "Version": -1, "Environment": "YRC-M204", "Exclude": [], "All": "True", "Options": [], "Test": "5/18-1"}]
[INFO] SendGenerateRequests:: Request queued
[INFO] main:: Run completed at 2019-09-22 17:24:22.375322
[INFO] main:: Run started at 2019-09-22 17:28:58.537960
[INFO] SendGenerateRequests:: Sending generation request  [{"Task": "GenerateStageStructures", "Template": "LegacyOnDiskTemplate", "Output": "LegacyTables246.sql", "Version": -1, "Environment": "YRC-M204", "Folder": "stage", "Exclude": ["PAS", "PASH"], "All": "True", "Options": ["xP"]}, {"Task": "GenerateDWObjects", "Template": "MFD_SP_3_ProcessMessageTypeTemplate", "Output": "MFD_SP_3_ProcessMessageType243.sql", "Version": -1, "Environment": "YRC-M204", "Folder": "dw", "Exclude": [], "All": "True", "Options": []}]
[INFO] SendGenerateRequests:: Request queued
[INFO] main:: Run completed at 2019-09-22 17:29:10.992977
[INFO] main:: Run started at 2019-09-22 17:32:39.617350
[INFO] SendGenerateRequests:: Sending generation request  [{"Task": "GenerateStageStructures", "Template": "LegacyOnDiskTemplate", "Output": "LegacyTables246.sql", "Version": -1, "Environment": "YRC-M204", "Folder": "stage", "Exclude": ["PAS", "PASH"], "Include": ["EDDBL", "CSCQ", "WEB"], "All": "True", "Options": ["xP"]}, {"Task": "GenerateDWObjects", "Template": "MFD_SP_3_ProcessMessageTypeTemplate", "Output": "MFD_SP_3_ProcessMessageType243.sql", "Version": -1, "Environment": "YRC-M204", "Folder": "dw", "Exclude": [], "All": "True", "Options": []}]
[INFO] SendGenerateRequests:: Request queued
[INFO] main:: Run completed at 2019-09-22 17:32:53.080313
[INFO] main:: Run started at 2019-09-22 17:38:35.597769
[INFO] SendGenerateRequests:: Sending generation request  [{"Task": "GenerateStageStructures", "Template": "LegacyOnDiskTemplate", "Output": "LegacyTables246.sql", "Version": -1, "Environment": "YRC-M204", "Folder": "stage", "Exclude": ["PAS", "PASH"], "All": "True", "Options": ["xP"]}, {"Task": "GenerateDWObjects", "Template": "MFD_SP_3_ProcessMessageTypeTemplate", "Output": "MFD_SP_3_ProcessMessageType243.sql", "Version": -1, "Environment": "YRC-M204", "Folder": "dw", "Exclude": [], "All": "True", "Options": []}]
[INFO] SendGenerateRequests:: Request queued
[INFO] main:: Run completed at 2019-09-22 17:38:36.914207
[INFO] main:: Run started at 2019-10-06 22:19:29.564382
[INFO] SendGenerateRequests:: Sending generation request  [{"Task": "GenerateShredders", "Template": "XMLShredderTemplate", "Container": "dvcodegencontainer", "FilePath": "assets/output/shredders/", "FilePrefix": "MFD", "Version": -1, "Environment": "YRC-M204", "Exclude": [], "All": "True", "Options": [], "Test": "8/6-1"}]
[INFO] SendGenerateRequests:: Request queued
[INFO] main:: Run completed at 2019-10-06 22:19:32.494249
[INFO] main:: Run started at 2019-10-06 22:30:51.261977
[INFO] SendGenerateRequests:: Sending generation request  [{"Task": "GenerateShredders", "Template": "XMLShredderTemplate", "Container": "dvcodegencontainer", "FilePath": "assets/output/shredders/", "FilePrefix": "MFD", "Version": -1, "Environment": "YRC-M204", "Exclude": [], "All": "True", "Options": [], "Test": "8/6-1"}]
[INFO] SendGenerateRequests:: Request queued
[INFO] main:: Run completed at 2019-10-06 22:30:53.327235
[INFO] main:: Run started at 2019-10-06 22:32:32.227025
[INFO] SendGenerateRequests:: Sending generation request  [{"Task": "GenerateShredders", "Template": "XMLShredderTemplate", "Container": "dvcodegencontainer", "FilePath": "assets/output/shredders/", "FilePrefix": "", "Version": -1, "Environment": "YRC-M204", "Exclude": [], "All": "True", "Options": [], "Test": "8/6-1"}]
[INFO] SendGenerateRequests:: Request queued
[INFO] main:: Run completed at 2019-10-06 22:32:46.646020
[INFO] main:: Run started at 2019-10-06 22:44:18.438828
[INFO] SendGenerateRequests:: Sending generation request  [{"Task": "GenerateShredders", "Template": "XMLShredderTemplate", "Container": "dvcodegencontainer", "FilePath": "assets/output/shredders/", "FilePrefix": "", "Version": -1, "Environment": "YRC-M204", "Exclude": [], "All": "True", "Options": [], "Test": "8/6-1"}]
[INFO] SendGenerateRequests:: Request queued
[INFO] main:: Run completed at 2019-10-06 22:44:20.730951
[INFO] main:: Run started at 2020-04-26 16:44:28.652559
[INFO] main:: Run started at 2020-04-26 16:44:47.119930
[INFO] SendGenerateRequests:: Sending generation request  [{"Task": "GenerateStageStructures", "Template": "LegacyOnDiskTemplate", "Output": "LegacyTables257.sql", "Version": -1, "Environment": "YRC-M204", "Folder": "stage", "Exclude": ["PAS", "PASH"], "All": "True", "Options": ["xP"], "Generate": "4/26-1"}, {"Task": "GenerateStageStructures", "Template": "GenerateProcessMessageSPTemplate", "Output": "LegacyProcessMessage257.sql", "Version": -1, "Environment": "YRC-M204", "Folder": "stage", "Exclude": ["PAS", "PASH"], "All": "True", "Options": ["xP"], "Generate": "4/26-1"}, {"Task": "GenerateShredders", "Template": "XMLShredderTemplate", "Container": "dvcodegencontainer", "FilePath": "assets/output/shredders/", "FilePrefix": "", "Version": -1, "Environment": "YRC-M204", "Exclude": [], "All": "True", "Options": [], "Generate": "4/26-1"}, {"Task": "GenerateStageStructures", "Template": "CLRFunctionDefinitionTemplate", "Output": "LegacyFunctions257.sql", "Folder": "stage", "Version": -1, "Environment": "YRC-M204", "Exclude": ["PAS", "PASH"], "All": "True", "Options": [], "Generate": "4/26-1"}, {"Task": "GenerateFileLevelStructures", "Template": "GenerateFilterMessageSPTemplate", "Output": "FilteredSPs257.sql", "Version": -1, "Environment": "YRC-M204", "Folder": "stage", "Exclude": [], "Include": ["CARS", "CSCQ", "TFQ", "WEB"], "All": "True", "Options": [], "Generate": "4/26-1"}]
[INFO] SendGenerateRequests:: Request queued
[INFO] main:: Run completed at 2020-04-26 16:45:07.912072
[INFO] main:: Run started at 2020-04-26 16:45:45.071569
[INFO] SendGenerateRequests:: Sending generation request  [{"Task": "GenerateJavaFiles", "Template": "JavaFileBaseClassTemplate", "Container": "dvcodegencontainer", "FilePath": "assets/output/java/", "Version": -1, "Environment": "YRC-M204", "Exclude": [], "All": "True", "Options": [], "Test": "4/26-1"}, {"Task": "GenerateJavaFileDetails", "Template": "FileClassDetailsTemplate", "Output": "FileClassDetails.java", "Version": -1, "Environment": "YRC-M204", "Exclude": [], "All": "True", "Options": [], "Test": "4/26-1"}]
[INFO] SendGenerateRequests:: Request queued
[INFO] main:: Run completed at 2020-04-26 16:45:57.007314
